\BOOKMARK [1][-]{section.1}{Datasets}{}% 1
\BOOKMARK [2][-]{subsection.1.1}{M\137D09Q1}{section.1}% 2
\BOOKMARK [2][-]{subsection.1.2}{M\137D11A2}{section.1}% 3
\BOOKMARK [2][-]{subsection.1.3}{MCD15A2H}{section.1}% 4
\BOOKMARK [2][-]{subsection.1.4}{M\13717AH2}{section.1}% 5
\BOOKMARK [2][-]{subsection.1.5}{CHIRPS-V2}{section.1}% 6
\BOOKMARK [2][-]{subsection.1.6}{ESI}{section.1}% 7
\BOOKMARK [1][-]{section.2}{Possible datasets}{}% 8
\BOOKMARK [1][-]{section.3}{Questions}{}% 9
\BOOKMARK [1][-]{section.4}{Study area and period}{}% 10
\BOOKMARK [2][-]{subsection.4.1}{Brazil}{section.4}% 11
\BOOKMARK [3][-]{subsubsection.4.1.1}{Soybean in Parana and Mato Grosso.}{subsection.4.1}% 12
\BOOKMARK [3][-]{subsubsection.4.1.2}{Maize as second crop?}{subsection.4.1}% 13
\BOOKMARK [2][-]{subsection.4.2}{USA}{section.4}% 14
\BOOKMARK [1][-]{section.5}{Outputs}{}% 15
\BOOKMARK [2][-]{subsection.5.1}{NDVI time-series}{section.5}% 16
\BOOKMARK [2][-]{subsection.5.2}{GPP time-series}{section.5}% 17
\BOOKMARK [2][-]{subsection.5.3}{LAI / FPAR}{section.5}% 18
\BOOKMARK [2][-]{subsection.5.4}{LUE}{section.5}% 19
\BOOKMARK [2][-]{subsection.5.5}{LST time-series}{section.5}% 20
\BOOKMARK [2][-]{subsection.5.6}{VPD}{section.5}% 21
\BOOKMARK [2][-]{subsection.5.7}{SPI3}{section.5}% 22
\BOOKMARK [2][-]{subsection.5.8}{ESI}{section.5}% 23
\BOOKMARK [1][-]{section.6}{People}{}% 24
